{"level":"info","message":"Hola esto es un mensaje informativo"}
{"level":"debug","message":"Esto es un mensaje de debug"}
{"level":"warn","message":"Esto es un mensaje de advertencia"}
{"level":"error","message":"Esto es un error"}
{"level":"info","message":"Hola esto es un mensaje informativo"}
{"level":"debug","message":"Esto es un mensaje de debug"}
{"level":"warn","message":"Esto es un mensaje de advertencia"}
{"level":"error","message":"Esto es un error"}
{"level":"info","message":"Hola esto es un mensaje informativo"}
{"level":"debug","message":"Esto es un mensaje de debug"}
{"level":"warn","message":"Esto es un mensaje de advertencia"}
{"level":"error","message":"Esto es un error"}
{"level":"info","message":"Hola esto es un mensaje informativo"}
{"level":"debug","message":"Esto es un mensaje de debug"}
{"level":"warn","message":"Esto es un mensaje de advertencia"}
{"level":"error","message":"Esto es un error"}
{"level":"info","message":"Hola esto es un mensaje informativo"}
{"level":"debug","message":"Esto es un mensaje de debug"}
{"level":"warn","message":"Esto es un mensaje de advertencia"}
{"level":"error","message":"Esto es un error"}
{"level":"info","message":"Hola esto es un mensaje informativo"}
{"level":"debug","message":"Esto es un mensaje de debug"}
{"level":"warn","message":"Esto es un mensaje de advertencia"}
{"level":"error","message":"Esto es un error"}
{"level":"info","message":"Hola esto es un mensaje informativo"}
{"level":"debug","message":"Esto es un mensaje de debug"}
{"level":"warn","message":"Esto es un mensaje de advertencia"}
{"level":"error","message":"Esto es un error"}
{"level":"info","message":"Hola esto es un mensaje informativo"}
{"level":"debug","message":"Esto es un mensaje de debug"}
{"level":"warn","message":"Esto es un mensaje de advertencia"}
{"level":"error","message":"Esto es un error"}
{"level":"info","message":"Hola esto es un mensaje informativo"}
{"level":"debug","message":"Esto es un mensaje de debug"}
{"level":"warn","message":"Esto es un mensaje de advertencia"}
{"level":"error","message":"Esto es un error"}
{"level":"info","message":"Hola esto es un mensaje informativo"}
{"level":"debug","message":"Esto es un mensaje de debug"}
{"level":"warn","message":"Esto es un mensaje de advertencia"}
{"level":"error","message":"Esto es un error"}
{"level":"info","message":"Hola esto es un mensaje informativo"}
{"level":"debug","message":"Esto es un mensaje de debug"}
{"level":"warn","message":"Esto es un mensaje de advertencia"}
{"level":"error","message":"Esto es un error"}
{"level":"info","message":"Hola esto es un mensaje informativo"}
{"level":"debug","message":"Esto es un mensaje de debug"}
{"level":"warn","message":"Esto es un mensaje de advertencia"}
{"level":"error","message":"Esto es un error"}
{"level":"info","message":"Hola esto es un mensaje informativo"}
{"level":"debug","message":"Esto es un mensaje de debug"}
{"level":"warn","message":"Esto es un mensaje de advertencia"}
{"level":"error","message":"Esto es un error"}
{"level":"info","message":"Hola esto es un mensaje informativo"}
{"level":"debug","message":"Esto es un mensaje de debug"}
{"level":"warn","message":"Esto es un mensaje de advertencia"}
{"level":"error","message":"Esto es un error"}
{"level":"info","message":"Hola esto es un mensaje informativo"}
{"level":"debug","message":"Esto es un mensaje de debug"}
{"level":"warn","message":"Esto es un mensaje de advertencia"}
{"level":"error","message":"Esto es un error"}
{"level":"info","message":"Hola esto es un mensaje informativo"}
{"level":"debug","message":"Esto es un mensaje de debug"}
{"level":"warn","message":"Esto es un mensaje de advertencia"}
{"level":"error","message":"Esto es un error"}
{"level":"info","message":"Hola esto es un mensaje informativo"}
{"level":"debug","message":"Esto es un mensaje de debug"}
{"level":"warn","message":"Esto es un mensaje de advertencia"}
{"level":"error","message":"Esto es un error"}
{"level":"info","message":"Hola esto es un mensaje informativo"}
{"level":"debug","message":"Esto es un mensaje de debug"}
{"level":"warn","message":"Esto es un mensaje de advertencia"}
{"level":"error","message":"Esto es un error"}
{"level":"info","message":"Hola esto es un mensaje informativo"}
{"level":"debug","message":"Esto es un mensaje de debug"}
{"level":"warn","message":"Esto es un mensaje de advertencia"}
{"level":"error","message":"Esto es un error"}
{"level":"info","message":"Hola esto es un mensaje informativo"}
{"level":"debug","message":"Esto es un mensaje de debug"}
{"level":"warn","message":"Esto es un mensaje de advertencia"}
{"level":"error","message":"Esto es un error"}
{"level":"info","message":"Hola esto es un mensaje informativo"}
{"level":"debug","message":"Esto es un mensaje de debug"}
{"level":"warn","message":"Esto es un mensaje de advertencia"}
{"level":"error","message":"Esto es un error"}
{"level":"info","message":"Hola esto es un mensaje informativo"}
{"level":"debug","message":"Esto es un mensaje de debug"}
{"level":"warn","message":"Esto es un mensaje de advertencia"}
{"level":"error","message":"Esto es un error"}
{"level":"info","message":"Hola esto es un mensaje informativo"}
{"level":"debug","message":"Esto es un mensaje de debug"}
{"level":"warn","message":"Esto es un mensaje de advertencia"}
{"level":"error","message":"Esto es un error"}
{"level":"info","message":"Hola esto es un mensaje informativo"}
{"level":"debug","message":"Esto es un mensaje de debug"}
{"level":"warn","message":"Esto es un mensaje de advertencia"}
{"level":"error","message":"Esto es un error"}
{"level":"info","message":"Hola esto es un mensaje informativo"}
{"level":"debug","message":"Esto es un mensaje de debug"}
{"level":"warn","message":"Esto es un mensaje de advertencia"}
{"level":"error","message":"Esto es un error"}
{"level":"info","message":"Hola esto es un mensaje informativo"}
{"level":"debug","message":"Esto es un mensaje de debug"}
{"level":"warn","message":"Esto es un mensaje de advertencia"}
{"level":"error","message":"Esto es un error"}
{"level":"info","message":"Hola esto es un mensaje informativo"}
{"level":"debug","message":"Esto es un mensaje de debug"}
{"level":"warn","message":"Esto es un mensaje de advertencia"}
{"level":"error","message":"Esto es un error"}
{"level":"info","message":"Hola esto es un mensaje informativo"}
{"level":"debug","message":"Esto es un mensaje de debug"}
{"level":"warn","message":"Esto es un mensaje de advertencia"}
{"level":"error","message":"Esto es un error"}
{"level":"info","message":"Hola esto es un mensaje informativo"}
{"level":"debug","message":"Esto es un mensaje de debug"}
{"level":"warn","message":"Esto es un mensaje de advertencia"}
{"level":"error","message":"Esto es un error"}
{"level":"info","message":"Hola esto es un mensaje informativo"}
{"level":"debug","message":"Esto es un mensaje de debug"}
{"level":"warn","message":"Esto es un mensaje de advertencia"}
{"level":"error","message":"Esto es un error"}
{"level":"info","message":"Hola esto es un mensaje informativo"}
{"level":"debug","message":"Esto es un mensaje de debug"}
{"level":"warn","message":"Esto es un mensaje de advertencia"}
{"level":"error","message":"Esto es un error"}
{"level":"info","message":"Hola esto es un mensaje informativo"}
{"level":"debug","message":"Esto es un mensaje de debug"}
{"level":"warn","message":"Esto es un mensaje de advertencia"}
{"level":"error","message":"Esto es un error"}
{"level":"info","message":"Hola esto es un mensaje informativo"}
{"level":"debug","message":"Esto es un mensaje de debug"}
{"level":"warn","message":"Esto es un mensaje de advertencia"}
{"level":"error","message":"Esto es un error"}
{"level":"info","message":"Hola esto es un mensaje informativo"}
{"level":"debug","message":"Esto es un mensaje de debug"}
{"level":"warn","message":"Esto es un mensaje de advertencia"}
{"level":"error","message":"Esto es un error"}
{"level":"info","message":"Hola esto es un mensaje informativo"}
{"level":"debug","message":"Esto es un mensaje de debug"}
{"level":"warn","message":"Esto es un mensaje de advertencia"}
{"level":"error","message":"Esto es un error"}
{"level":"info","message":"Hola esto es un mensaje informativo"}
{"level":"debug","message":"Esto es un mensaje de debug"}
{"level":"warn","message":"Esto es un mensaje de advertencia"}
{"level":"error","message":"Esto es un error"}
{"level":"info","message":"Hola esto es un mensaje informativo"}
{"level":"debug","message":"Esto es un mensaje de debug"}
{"level":"warn","message":"Esto es un mensaje de advertencia"}
{"level":"error","message":"Esto es un error"}
{"level":"info","message":"Hola esto es un mensaje informativo"}
{"level":"debug","message":"Esto es un mensaje de debug"}
{"level":"warn","message":"Esto es un mensaje de advertencia"}
{"level":"error","message":"Esto es un error"}
{"level":"info","message":"Hola esto es un mensaje informativo"}
{"level":"debug","message":"Esto es un mensaje de debug"}
{"level":"warn","message":"Esto es un mensaje de advertencia"}
{"level":"error","message":"Esto es un error"}
{"level":"info","message":"Hola esto es un mensaje informativo"}
{"level":"debug","message":"Esto es un mensaje de debug"}
{"level":"warn","message":"Esto es un mensaje de advertencia"}
{"level":"error","message":"Esto es un error"}
{"level":"info","message":"Hola esto es un mensaje informativo"}
{"level":"debug","message":"Esto es un mensaje de debug"}
{"level":"warn","message":"Esto es un mensaje de advertencia"}
{"level":"error","message":"Esto es un error"}
{"level":"info","message":"Hola esto es un mensaje informativo"}
{"level":"debug","message":"Esto es un mensaje de debug"}
{"level":"warn","message":"Esto es un mensaje de advertencia"}
{"level":"error","message":"Esto es un error"}
{"level":"info","message":"Hola esto es un mensaje informativo"}
{"level":"debug","message":"Esto es un mensaje de debug"}
{"level":"warn","message":"Esto es un mensaje de advertencia"}
{"level":"error","message":"Esto es un error"}
{"level":"info","message":"Hola esto es un mensaje informativo"}
{"level":"debug","message":"Esto es un mensaje de debug"}
{"level":"warn","message":"Esto es un mensaje de advertencia"}
{"level":"error","message":"Esto es un error"}
{"level":"error","message":"El valor de e es: Error: mostrarError function"}
{"level":"info","message":"Hola esto es un mensaje informativo"}
{"level":"debug","message":"Esto es un mensaje de debug"}
{"level":"warn","message":"Esto es un mensaje de advertencia"}
{"level":"error","message":"Esto es un error"}
{"level":"info","message":"Hola esto es un mensaje informativo"}
{"level":"debug","message":"Esto es un mensaje de debug"}
{"level":"warn","message":"Esto es un mensaje de advertencia"}
{"level":"error","message":"Esto es un error"}
{"level":"info","message":"Hola esto es un mensaje informativo"}
{"level":"debug","message":"Esto es un mensaje de debug"}
{"level":"warn","message":"Esto es un mensaje de advertencia"}
{"level":"error","message":"Esto es un error"}
{"level":"info","message":"Hola esto es un mensaje informativo"}
{"level":"debug","message":"Esto es un mensaje de debug"}
{"level":"warn","message":"Esto es un mensaje de advertencia"}
{"level":"error","message":"Esto es un error"}
{"level":"info","message":"Hola esto es un mensaje informativo"}
{"level":"debug","message":"Esto es un mensaje de debug"}
{"level":"warn","message":"Esto es un mensaje de advertencia"}
{"level":"error","message":"Esto es un error"}
{"level":"info","message":"Hola esto es un mensaje informativo"}
{"level":"debug","message":"Esto es un mensaje de debug"}
{"level":"warn","message":"Esto es un mensaje de advertencia"}
{"level":"error","message":"Esto es un error"}
{"level":"info","message":"Hola esto es un mensaje informativo"}
{"level":"debug","message":"Esto es un mensaje de debug"}
{"level":"warn","message":"Esto es un mensaje de advertencia"}
{"level":"error","message":"Esto es un error"}
{"level":"info","message":"Hola esto es un mensaje informativo"}
{"level":"debug","message":"Esto es un mensaje de debug"}
{"level":"warn","message":"Esto es un mensaje de advertencia"}
{"level":"error","message":"Esto es un error"}
{"level":"info","message":"Hola esto es un mensaje informativo"}
{"level":"debug","message":"Esto es un mensaje de debug"}
{"level":"warn","message":"Esto es un mensaje de advertencia"}
{"level":"error","message":"Esto es un error"}
{"level":"info","message":"Hola esto es un mensaje informativo"}
{"level":"debug","message":"Esto es un mensaje de debug"}
{"level":"warn","message":"Esto es un mensaje de advertencia"}
{"level":"error","message":"Esto es un error"}
{"level":"error"}
{"level":"info","message":"Hola esto es un mensaje informativo"}
{"level":"debug","message":"Esto es un mensaje de debug"}
{"level":"warn","message":"Esto es un mensaje de advertencia"}
{"level":"error","message":"Esto es un error"}
{"level":"error"}
{"level":"info","message":"Hola esto es un mensaje informativo"}
{"level":"debug","message":"Esto es un mensaje de debug"}
{"level":"warn","message":"Esto es un mensaje de advertencia"}
{"level":"error","message":"Esto es un error"}
{"level":"error"}
{"level":"info","message":"Hola esto es un mensaje informativo"}
{"level":"debug","message":"Esto es un mensaje de debug"}
{"level":"warn","message":"Esto es un mensaje de advertencia"}
{"level":"error","message":"Esto es un error"}
{"level":"error"}
{"level":"info","message":"Hola esto es un mensaje informativo"}
{"level":"debug","message":"Esto es un mensaje de debug"}
{"level":"warn","message":"Esto es un mensaje de advertencia"}
{"level":"error","message":"Esto es un error"}
{"level":"error"}
{"level":"info","message":"Hola esto es un mensaje informativo"}
{"level":"debug","message":"Esto es un mensaje de debug"}
{"level":"warn","message":"Esto es un mensaje de advertencia"}
{"level":"error","message":"Esto es un error"}
{"level":"error"}
{"level":"info","message":"Hola esto es un mensaje informativo"}
{"level":"debug","message":"Esto es un mensaje de debug"}
{"level":"warn","message":"Esto es un mensaje de advertencia"}
{"level":"error","message":"Esto es un error"}
{"level":"error"}
{"level":"info","message":"Hola esto es un mensaje informativo"}
{"level":"debug","message":"Esto es un mensaje de debug"}
{"level":"warn","message":"Esto es un mensaje de advertencia"}
{"level":"error","message":"Esto es un error"}
{"level":"error","message":"Error: mostrarError function"}
{"level":"info","message":"Hola esto es un mensaje informativo"}
{"level":"debug","message":"Esto es un mensaje de debug"}
{"level":"warn","message":"Esto es un mensaje de advertencia"}
{"level":"error","message":"Esto es un error"}
{"level":"error","message":"Error: mostrarError function"}
{"level":"info","message":"Hola esto es un mensaje informativo"}
{"level":"debug","message":"Esto es un mensaje de debug"}
{"level":"warn","message":"Esto es un mensaje de advertencia"}
{"level":"error","message":"Esto es un error"}
{"level":"error","message":"Error: mostrarError function"}
{"level":"info","message":"Hola esto es un mensaje informativo"}
{"level":"debug","message":"Esto es un mensaje de debug"}
{"level":"warn","message":"Esto es un mensaje de advertencia"}
{"level":"error","message":"Esto es un error"}
{"level":"error","message":"Error: mostrarError function"}
{"level":"info","message":"Hola esto es un mensaje informativo"}
{"level":"debug","message":"Esto es un mensaje de debug"}
{"level":"warn","message":"Esto es un mensaje de advertencia"}
{"level":"error","message":"Esto es un error"}
{"level":"error","message":"Error: mostrarError function"}
